<?xml version="1.0" encoding="UTF-8"?>
<!-- Generated by org.testng.reporters.JUnitReportReporter -->
<testsuite hostname="LAPTOP-2FP5BATR" failures="0" tests="2" name="org.example.test.HelloPageTest" time="1.170" errors="0" timestamp="2025-03-31T10:32:02 MSK" skipped="0">
  <testcase classname="org.example.test.HelloPageTest" name="checkDisplayingCorrectMessage" time="1.035"/>
  <testcase classname="org.example.test.HelloPageTest" name="checkDisplayingCorrectMessage" time="0.135"/>
</testsuite> <!-- org.example.test.HelloPageTest -->
