<?xml version="1.0" encoding="UTF-8"?>
<!-- Generated by org.testng.reporters.JUnitReportReporter -->
<testsuite hostname="LAPTOP-2FP5BATR" failures="0" tests="6" name="org.example.test.ShopPageTest" time="2.063" errors="0" timestamp="2025-03-31T10:32:02 MSK" skipped="0">
  <testcase classname="org.example.test.ShopPageTest" name="checkDisplayingSuccessMessage" time="0.212"/>
  <testcase classname="org.example.test.ShopPageTest" name="checkDisplayingErrorMessage" time="0.177"/>
  <testcase classname="org.example.test.ShopPageTest" name="checkDisplayingSuccessMessage" time="0.173"/>
  <testcase classname="org.example.test.ShopPageTest" name="checkDisplayingErrorMessage" time="0.186"/>
  <testcase classname="org.example.test.ShopPageTest" name="checkDisplayingSuccessMessage" time="1.136"/>
  <testcase classname="org.example.test.ShopPageTest" name="checkDisplayingErrorMessage" time="0.179"/>
</testsuite> <!-- org.example.test.ShopPageTest -->
